<?xml version="1.0" encoding="UTF-8"?>
<!-- Generated by org.testng.reporters.JUnitReportReporter -->
<testsuite hostname="Shon" failures="0" tests="1" name="cucumber.TestNGTestRunner" time="5.172" errors="0" timestamp="2024-06-13T14:30:55 IDT" skipped="0">
  <testcase classname="cucumber.TestNGTestRunner" name="runScenario" time="5.172"/>
</testsuite> <!-- cucumber.TestNGTestRunner -->
