<?xml version="1.0" encoding="UTF-8"?>
<!-- Generated by org.testng.reporters.JUnitReportReporter -->
<testsuite hostname="Shon" failures="0" tests="2" name="shonautomations.tests.SubmitOrderTest" time="44.746" errors="0" timestamp="2024-06-04T10:50:04 IDT" skipped="0">
  <testcase classname="shonautomations.tests.SubmitOrderTest" name="SubmitOrder" time="26.587"/>
  <testcase classname="shonautomations.tests.SubmitOrderTest" name="SubmitOrder" time="18.159"/>
</testsuite> <!-- shonautomations.tests.SubmitOrderTest -->
